2025-06-27 12:53:28,862 - app.core.database - INFO - Conectado ao banco de dados corridas_db
2025-06-27 12:53:28,862 - main - INFO - Conexão com o banco de dados estabelecida
2025-06-27 12:56:27,801 - app.core.database - INFO - Conexão com o banco de dados fechada
2025-06-27 12:56:27,801 - main - INFO - Conexão com o banco de dados fechada
2025-06-27 12:56:29,079 - app.core.database - INFO - Conectado ao banco de dados corridas_db
2025-06-27 12:56:29,080 - main - INFO - Conexão com o banco de dados estabelecida
2025-06-27 12:56:34,904 - app.core.database - INFO - Conectado ao banco de dados corridas_db
2025-06-27 12:56:34,904 - main - INFO - Conexão com o banco de dados estabelecida
2025-06-27 12:56:37,146 - app.core.database - INFO - Conexão com o banco de dados fechada
2025-06-27 12:56:37,156 - main - INFO - Conexão com o banco de dados fechada
2025-06-27 12:56:42,075 - app.core.database - INFO - Conectado ao banco de dados corridas_db
2025-06-27 12:56:42,075 - main - INFO - Conexão com o banco de dados estabelecida
2025-06-27 12:59:57,289 - app.core.database - INFO - Conexão com o banco de dados fechada
2025-06-27 12:59:57,289 - main - INFO - Conexão com o banco de dados fechada
2025-06-27 13:02:54,502 - app.core.database - INFO - Conectado ao banco de dados corridas_db
2025-06-27 18:10:35,018 - app.core.database - INFO - Conectado ao banco de dados corridas_db
2025-06-30 22:33:00,393 - app.core.database - INFO - Conectado ao banco de dados correpb
2025-06-30 22:40:39,834 - app.core.database - INFO - Conectado ao banco de dados correpb
2025-06-30 22:51:28,695 - app.core.database - INFO - Conectado ao banco de dados corridas_db
2025-06-30 23:10:46,858 - app.core.database - INFO - Conectado ao banco de dados corridas_db
